[30-Apr-2018 03:04:33 UTC] PHP Warning:  include(../../dbConnection.php): failed to open stream: No such file or directory in /home/ubuntu/workspace/javal/Finalproj/index.php on line 2
[30-Apr-2018 03:04:33 UTC] PHP Stack trace:
[30-Apr-2018 03:04:33 UTC] PHP   1. {main}() /home/ubuntu/workspace/javal/Finalproj/index.php:0
[30-Apr-2018 03:04:33 UTC] PHP Warning:  include(): Failed opening '../../dbConnection.php' for inclusion (include_path='.:/usr/share/php:/usr/share/pear') in /home/ubuntu/workspace/javal/Finalproj/index.php on line 2
[30-Apr-2018 03:04:33 UTC] PHP Stack trace:
[30-Apr-2018 03:04:33 UTC] PHP   1. {main}() /home/ubuntu/workspace/javal/Finalproj/index.php:0
[30-Apr-2018 03:04:33 UTC] PHP Fatal error:  Call to undefined function getDatabaseConnection() in /home/ubuntu/workspace/javal/Finalproj/index.php on line 3
[30-Apr-2018 03:04:33 UTC] PHP Stack trace:
[30-Apr-2018 03:04:33 UTC] PHP   1. {main}() /home/ubuntu/workspace/javal/Finalproj/index.php:0
[30-Apr-2018 03:05:21 UTC] PHP Fatal error:  Call to undefined function displayCategories() in /home/ubuntu/workspace/javal/Finalproj/index.php on line 39
[30-Apr-2018 03:05:21 UTC] PHP Stack trace:
[30-Apr-2018 03:05:21 UTC] PHP   1. {main}() /home/ubuntu/workspace/javal/Finalproj/index.php:0
[30-Apr-2018 03:05:25 UTC] PHP Fatal error:  Call to undefined function displayCategories() in /home/ubuntu/workspace/javal/Finalproj/index.php on line 39
[30-Apr-2018 03:05:25 UTC] PHP Stack trace:
[30-Apr-2018 03:05:25 UTC] PHP   1. {main}() /home/ubuntu/workspace/javal/Finalproj/index.php:0
[30-Apr-2018 03:07:29 UTC] PHP Fatal error:  Uncaught exception 'PDOException' with message 'SQLSTATE[42000]: Syntax error or access violation: 1064 You have an error in your SQL syntax; check the manual that corresponds to your MySQL server version for the right syntax to use near ''Genre' ORDER BY genreId' at line 1' in /home/ubuntu/workspace/javal/Finalproj/index.php:12
Stack trace:
#0 /home/ubuntu/workspace/javal/Finalproj/index.php(12): PDOStatement->execute()
#1 /home/ubuntu/workspace/javal/Finalproj/index.php(39): displayGenre()
#2 {main}
  thrown in /home/ubuntu/workspace/javal/Finalproj/index.php on line 12
[30-Apr-2018 03:17:23 UTC] PHP Fatal error:  Uncaught exception 'PDOException' with message 'SQLSTATE[42000]: Syntax error or access violation: 1064 You have an error in your SQL syntax; check the manual that corresponds to your MySQL server version for the right syntax to use near ''Genre' ORDER BY genreId' at line 1' in /home/ubuntu/workspace/javal/Finalproj/index.php:12
Stack trace:
#0 /home/ubuntu/workspace/javal/Finalproj/index.php(12): PDOStatement->execute()
#1 /home/ubuntu/workspace/javal/Finalproj/index.php(45): displayGenre()
#2 {main}
  thrown in /home/ubuntu/workspace/javal/Finalproj/index.php on line 12
[30-Apr-2018 03:18:57 UTC] PHP Fatal error:  Uncaught exception 'PDOException' with message 'SQLSTATE[42000]: Syntax error or access violation: 1064 You have an error in your SQL syntax; check the manual that corresponds to your MySQL server version for the right syntax to use near ''Genre' ORDER BY genreName' at line 1' in /home/ubuntu/workspace/javal/Finalproj/index.php:12
Stack trace:
#0 /home/ubuntu/workspace/javal/Finalproj/index.php(12): PDOStatement->execute()
#1 /home/ubuntu/workspace/javal/Finalproj/index.php(45): displayGenre()
#2 {main}
  thrown in /home/ubuntu/workspace/javal/Finalproj/index.php on line 12
[30-Apr-2018 03:19:04 UTC] PHP Fatal error:  Uncaught exception 'PDOException' with message 'SQLSTATE[42000]: Syntax error or access violation: 1064 You have an error in your SQL syntax; check the manual that corresponds to your MySQL server version for the right syntax to use near ''Genre' ORDER BY genreName' at line 1' in /home/ubuntu/workspace/javal/Finalproj/index.php:12
Stack trace:
#0 /home/ubuntu/workspace/javal/Finalproj/index.php(12): PDOStatement->execute()
#1 /home/ubuntu/workspace/javal/Finalproj/index.php(45): displayGenre()
#2 {main}
  thrown in /home/ubuntu/workspace/javal/Finalproj/index.php on line 12
[30-Apr-2018 03:22:27 UTC] PHP Fatal error:  Uncaught exception 'PDOException' with message 'SQLSTATE[42000]: Syntax error or access violation: 1064 You have an error in your SQL syntax; check the manual that corresponds to your MySQL server version for the right syntax to use near ''Genre' ORDER BY genreName' at line 1' in /home/ubuntu/workspace/javal/Finalproj/index.php:12
Stack trace:
#0 /home/ubuntu/workspace/javal/Finalproj/index.php(12): PDOStatement->execute()
#1 /home/ubuntu/workspace/javal/Finalproj/index.php(45): displayGenre()
#2 {main}
  thrown in /home/ubuntu/workspace/javal/Finalproj/index.php on line 12
[30-Apr-2018 03:22:34 UTC] PHP Fatal error:  Uncaught exception 'PDOException' with message 'SQLSTATE[42000]: Syntax error or access violation: 1064 You have an error in your SQL syntax; check the manual that corresponds to your MySQL server version for the right syntax to use near ''Genre' ORDER BY genreName' at line 1' in /home/ubuntu/workspace/javal/Finalproj/index.php:12
Stack trace:
#0 /home/ubuntu/workspace/javal/Finalproj/index.php(12): PDOStatement->execute()
#1 /home/ubuntu/workspace/javal/Finalproj/index.php(45): displayGenre()
#2 {main}
  thrown in /home/ubuntu/workspace/javal/Finalproj/index.php on line 12
[30-Apr-2018 21:20:45 UTC] PHP Fatal error:  Uncaught exception 'PDOException' with message 'SQLSTATE[42000]: Syntax error or access violation: 1064 You have an error in your SQL syntax; check the manual that corresponds to your MySQL server version for the right syntax to use near ''Genre' ORDER BY genreName' at line 1' in /home/ubuntu/workspace/javal/Finalproj/index.php:12
Stack trace:
#0 /home/ubuntu/workspace/javal/Finalproj/index.php(12): PDOStatement->execute()
#1 /home/ubuntu/workspace/javal/Finalproj/index.php(45): displayGenre()
#2 {main}
  thrown in /home/ubuntu/workspace/javal/Finalproj/index.php on line 12
[30-Apr-2018 21:26:16 UTC] PHP Fatal error:  Uncaught exception 'PDOException' with message 'SQLSTATE[42000]: Syntax error or access violation: 1064 You have an error in your SQL syntax; check the manual that corresponds to your MySQL server version for the right syntax to use near ''Genre' ORDER BY genreName' at line 1' in /home/ubuntu/workspace/javal/Finalproj/index.php:12
Stack trace:
#0 /home/ubuntu/workspace/javal/Finalproj/index.php(12): PDOStatement->execute()
#1 /home/ubuntu/workspace/javal/Finalproj/index.php(47): displayGenre()
#2 {main}
  thrown in /home/ubuntu/workspace/javal/Finalproj/index.php on line 12
[07-May-2018 22:20:29 UTC] PHP Warning:  include(../../dbConnection.php): failed to open stream: No such file or directory in /home/ubuntu/workspace/javal/Finalproj/loginProcess.php on line 7
[07-May-2018 22:20:29 UTC] PHP Stack trace:
[07-May-2018 22:20:29 UTC] PHP   1. {main}() /home/ubuntu/workspace/javal/Finalproj/loginProcess.php:0
[07-May-2018 22:20:29 UTC] PHP Warning:  include(): Failed opening '../../dbConnection.php' for inclusion (include_path='.:/usr/share/php:/usr/share/pear') in /home/ubuntu/workspace/javal/Finalproj/loginProcess.php on line 7
[07-May-2018 22:20:29 UTC] PHP Stack trace:
[07-May-2018 22:20:29 UTC] PHP   1. {main}() /home/ubuntu/workspace/javal/Finalproj/loginProcess.php:0
[07-May-2018 22:20:29 UTC] PHP Fatal error:  Call to undefined function getDatabaseConnection() in /home/ubuntu/workspace/javal/Finalproj/loginProcess.php on line 9
[07-May-2018 22:20:29 UTC] PHP Stack trace:
[07-May-2018 22:20:29 UTC] PHP   1. {main}() /home/ubuntu/workspace/javal/Finalproj/loginProcess.php:0
[08-May-2018 18:36:23 UTC] PHP Warning:  include(../../dbConnection.php): failed to open stream: No such file or directory in /home/ubuntu/workspace/javal/Finalproj/adminpage.php on line 8
[08-May-2018 18:36:23 UTC] PHP Stack trace:
[08-May-2018 18:36:23 UTC] PHP   1. {main}() /home/ubuntu/workspace/javal/Finalproj/adminpage.php:0
[08-May-2018 18:36:23 UTC] PHP Warning:  include(): Failed opening '../../dbConnection.php' for inclusion (include_path='.:/usr/share/php:/usr/share/pear') in /home/ubuntu/workspace/javal/Finalproj/adminpage.php on line 8
[08-May-2018 18:36:23 UTC] PHP Stack trace:
[08-May-2018 18:36:23 UTC] PHP   1. {main}() /home/ubuntu/workspace/javal/Finalproj/adminpage.php:0
[08-May-2018 18:36:23 UTC] PHP Fatal error:  Call to undefined function getDatabaseConnection() in /home/ubuntu/workspace/javal/Finalproj/adminpage.php on line 9
[08-May-2018 18:36:23 UTC] PHP Stack trace:
[08-May-2018 18:36:23 UTC] PHP   1. {main}() /home/ubuntu/workspace/javal/Finalproj/adminpage.php:0
[08-May-2018 18:48:46 UTC] PHP Warning:  include(../../dbConnection.php): failed to open stream: No such file or directory in /home/ubuntu/workspace/javal/Finalproj/addBook.php on line 7
[08-May-2018 18:48:46 UTC] PHP Stack trace:
[08-May-2018 18:48:46 UTC] PHP   1. {main}() /home/ubuntu/workspace/javal/Finalproj/addBook.php:0
[08-May-2018 18:48:46 UTC] PHP Warning:  include(): Failed opening '../../dbConnection.php' for inclusion (include_path='.:/usr/share/php:/usr/share/pear') in /home/ubuntu/workspace/javal/Finalproj/addBook.php on line 7
[08-May-2018 18:48:46 UTC] PHP Stack trace:
[08-May-2018 18:48:46 UTC] PHP   1. {main}() /home/ubuntu/workspace/javal/Finalproj/addBook.php:0
[08-May-2018 18:48:46 UTC] PHP Fatal error:  Call to undefined function getDatabaseConnection() in /home/ubuntu/workspace/javal/Finalproj/addBook.php on line 8
[08-May-2018 18:48:46 UTC] PHP Stack trace:
[08-May-2018 18:48:46 UTC] PHP   1. {main}() /home/ubuntu/workspace/javal/Finalproj/addBook.php:0
[08-May-2018 18:49:01 UTC] PHP Fatal error:  Uncaught exception 'PDOException' with message 'SQLSTATE[42S02]: Base table or view not found: 1146 Table 'Library.om_category' doesn't exist' in /home/ubuntu/workspace/javal/Finalproj/addBook.php:17
Stack trace:
#0 /home/ubuntu/workspace/javal/Finalproj/addBook.php(17): PDOStatement->execute()
#1 /home/ubuntu/workspace/javal/Finalproj/addBook.php(58): getCategories()
#2 {main}
  thrown in /home/ubuntu/workspace/javal/Finalproj/addBook.php on line 17
[08-May-2018 20:06:08 UTC] PHP Fatal error:  Uncaught exception 'PDOException' with message 'SQLSTATE[42000]: Syntax error or access violation: 1064 You have an error in your SQL syntax; check the manual that corresponds to your MySQL server version for the right syntax to use near ''BookName', 'authorID', 'description', 'BookImage', 'catId')
            VALUES ' at line 2' in /home/ubuntu/workspace/javal/Finalproj/addBook.php:59
Stack trace:
#0 /home/ubuntu/workspace/javal/Finalproj/addBook.php(59): PDOStatement->execute(Array)
#1 {main}
  thrown in /home/ubuntu/workspace/javal/Finalproj/addBook.php on line 59
[08-May-2018 20:10:10 UTC] PHP Fatal error:  Uncaught exception 'PDOException' with message 'SQLSTATE[42000]: Syntax error or access violation: 1064 You have an error in your SQL syntax; check the manual that corresponds to your MySQL server version for the right syntax to use near ''bookName', 'authorID', 'bookDescription', 'bookImage', 'categoryID')
          ' at line 2' in /home/ubuntu/workspace/javal/Finalproj/addBook.php:60
Stack trace:
#0 /home/ubuntu/workspace/javal/Finalproj/addBook.php(60): PDOStatement->execute(Array)
#1 {main}
  thrown in /home/ubuntu/workspace/javal/Finalproj/addBook.php on line 60
[08-May-2018 20:10:11 UTC] PHP Fatal error:  Uncaught exception 'PDOException' with message 'SQLSTATE[42000]: Syntax error or access violation: 1064 You have an error in your SQL syntax; check the manual that corresponds to your MySQL server version for the right syntax to use near ''bookName', 'authorID', 'bookDescription', 'bookImage', 'categoryID')
          ' at line 2' in /home/ubuntu/workspace/javal/Finalproj/addBook.php:60
Stack trace:
#0 /home/ubuntu/workspace/javal/Finalproj/addBook.php(60): PDOStatement->execute(Array)
#1 {main}
  thrown in /home/ubuntu/workspace/javal/Finalproj/addBook.php on line 60
[08-May-2018 20:10:12 UTC] PHP Fatal error:  Uncaught exception 'PDOException' with message 'SQLSTATE[42000]: Syntax error or access violation: 1064 You have an error in your SQL syntax; check the manual that corresponds to your MySQL server version for the right syntax to use near ''bookName', 'authorID', 'bookDescription', 'bookImage', 'categoryID')
          ' at line 2' in /home/ubuntu/workspace/javal/Finalproj/addBook.php:60
Stack trace:
#0 /home/ubuntu/workspace/javal/Finalproj/addBook.php(60): PDOStatement->execute(Array)
#1 {main}
  thrown in /home/ubuntu/workspace/javal/Finalproj/addBook.php on line 60
[08-May-2018 20:11:24 UTC] PHP Fatal error:  Uncaught exception 'PDOException' with message 'SQLSTATE[42000]: Syntax error or access violation: 1064 You have an error in your SQL syntax; check the manual that corresponds to your MySQL server version for the right syntax to use near ''bookName', 'authorID', 'bookDescription', 'bookImage', 'categoryID')
          ' at line 2' in /home/ubuntu/workspace/javal/Finalproj/addBook.php:60
Stack trace:
#0 /home/ubuntu/workspace/javal/Finalproj/addBook.php(60): PDOStatement->execute(Array)
#1 {main}
  thrown in /home/ubuntu/workspace/javal/Finalproj/addBook.php on line 60
[08-May-2018 20:11:25 UTC] PHP Fatal error:  Uncaught exception 'PDOException' with message 'SQLSTATE[42000]: Syntax error or access violation: 1064 You have an error in your SQL syntax; check the manual that corresponds to your MySQL server version for the right syntax to use near ''bookName', 'authorID', 'bookDescription', 'bookImage', 'categoryID')
          ' at line 2' in /home/ubuntu/workspace/javal/Finalproj/addBook.php:60
Stack trace:
#0 /home/ubuntu/workspace/javal/Finalproj/addBook.php(60): PDOStatement->execute(Array)
#1 {main}
  thrown in /home/ubuntu/workspace/javal/Finalproj/addBook.php on line 60
[08-May-2018 20:17:04 UTC] PHP Fatal error:  Uncaught exception 'PDOException' with message 'SQLSTATE[42000]: Syntax error or access violation: 1064 You have an error in your SQL syntax; check the manual that corresponds to your MySQL server version for the right syntax to use near ''bookName', 'authorID', 'bookDescription', 'bookImage', 'categoryID')
          ' at line 2' in /home/ubuntu/workspace/javal/Finalproj/addBook.php:60
Stack trace:
#0 /home/ubuntu/workspace/javal/Finalproj/addBook.php(60): PDOStatement->execute(Array)
#1 {main}
  thrown in /home/ubuntu/workspace/javal/Finalproj/addBook.php on line 60
[08-May-2018 20:24:49 UTC] PHP Warning:  include(../../dbConnection.php): failed to open stream: No such file or directory in /home/ubuntu/workspace/javal/Finalproj/updateBook.php on line 2
[08-May-2018 20:24:49 UTC] PHP Stack trace:
[08-May-2018 20:24:49 UTC] PHP   1. {main}() /home/ubuntu/workspace/javal/Finalproj/updateBook.php:0
[08-May-2018 20:24:49 UTC] PHP Warning:  include(): Failed opening '../../dbConnection.php' for inclusion (include_path='.:/usr/share/php:/usr/share/pear') in /home/ubuntu/workspace/javal/Finalproj/updateBook.php on line 2
[08-May-2018 20:24:49 UTC] PHP Stack trace:
[08-May-2018 20:24:49 UTC] PHP   1. {main}() /home/ubuntu/workspace/javal/Finalproj/updateBook.php:0
[08-May-2018 20:24:49 UTC] PHP Fatal error:  Call to undefined function getDatabaseConnection() in /home/ubuntu/workspace/javal/Finalproj/updateBook.php on line 4
[08-May-2018 20:24:49 UTC] PHP Stack trace:
[08-May-2018 20:24:49 UTC] PHP   1. {main}() /home/ubuntu/workspace/javal/Finalproj/updateBook.php:0
[08-May-2018 23:33:49 UTC] PHP Fatal error:  Uncaught exception 'PDOException' with message 'SQLSTATE[42000]: Syntax error or access violation: 1064 You have an error in your SQL syntax; check the manual that corresponds to your MySQL server version for the right syntax to use near '' at line 1' in /home/ubuntu/workspace/javal/Finalproj/updateBook.php:40
Stack trace:
#0 /home/ubuntu/workspace/javal/Finalproj/updateBook.php(40): PDOStatement->execute()
#1 /home/ubuntu/workspace/javal/Finalproj/updateBook.php(75): getProductInfo()
#2 {main}
  thrown in /home/ubuntu/workspace/javal/Finalproj/updateBook.php on line 40
[08-May-2018 23:37:21 UTC] PHP Fatal error:  Uncaught exception 'PDOException' with message 'SQLSTATE[42000]: Syntax error or access violation: 1064 You have an error in your SQL syntax; check the manual that corresponds to your MySQL server version for the right syntax to use near '' at line 1' in /home/ubuntu/workspace/javal/Finalproj/updateBook.php:40
Stack trace:
#0 /home/ubuntu/workspace/javal/Finalproj/updateBook.php(40): PDOStatement->execute()
#1 /home/ubuntu/workspace/javal/Finalproj/updateBook.php(75): getProductInfo()
#2 {main}
  thrown in /home/ubuntu/workspace/javal/Finalproj/updateBook.php on line 40
[08-May-2018 23:42:01 UTC] PHP Fatal error:  Uncaught exception 'PDOException' with message 'SQLSTATE[42000]: Syntax error or access violation: 1064 You have an error in your SQL syntax; check the manual that corresponds to your MySQL server version for the right syntax to use near '' at line 1' in /home/ubuntu/workspace/javal/Finalproj/updateBook.php:40
Stack trace:
#0 /home/ubuntu/workspace/javal/Finalproj/updateBook.php(40): PDOStatement->execute()
#1 /home/ubuntu/workspace/javal/Finalproj/updateBook.php(75): getProductInfo()
#2 {main}
  thrown in /home/ubuntu/workspace/javal/Finalproj/updateBook.php on line 40
[08-May-2018 23:42:02 UTC] PHP Fatal error:  Uncaught exception 'PDOException' with message 'SQLSTATE[42000]: Syntax error or access violation: 1064 You have an error in your SQL syntax; check the manual that corresponds to your MySQL server version for the right syntax to use near '' at line 1' in /home/ubuntu/workspace/javal/Finalproj/updateBook.php:40
Stack trace:
#0 /home/ubuntu/workspace/javal/Finalproj/updateBook.php(40): PDOStatement->execute()
#1 /home/ubuntu/workspace/javal/Finalproj/updateBook.php(75): getProductInfo()
#2 {main}
  thrown in /home/ubuntu/workspace/javal/Finalproj/updateBook.php on line 40
[08-May-2018 23:46:16 UTC] PHP Fatal error:  Call to undefined function getProductInfo() in /home/ubuntu/workspace/javal/Finalproj/updateBook.php on line 82
[08-May-2018 23:46:16 UTC] PHP Stack trace:
[08-May-2018 23:46:16 UTC] PHP   1. {main}() /home/ubuntu/workspace/javal/Finalproj/updateBook.php:0
[08-May-2018 23:46:50 UTC] PHP Fatal error:  Call to a member function prepare() on a non-object in /home/ubuntu/workspace/javal/Finalproj/updateBook.php on line 46
[08-May-2018 23:46:50 UTC] PHP Stack trace:
[08-May-2018 23:46:50 UTC] PHP   1. {main}() /home/ubuntu/workspace/javal/Finalproj/updateBook.php:0
[08-May-2018 23:46:50 UTC] PHP   2. getBookInfo() /home/ubuntu/workspace/javal/Finalproj/updateBook.php:82
[08-May-2018 23:49:02 UTC] PHP Fatal error:  Call to a member function prepare() on a non-object in /home/ubuntu/workspace/javal/Finalproj/updateBook.php on line 46
[08-May-2018 23:49:02 UTC] PHP Stack trace:
[08-May-2018 23:49:02 UTC] PHP   1. {main}() /home/ubuntu/workspace/javal/Finalproj/updateBook.php:0
[08-May-2018 23:49:02 UTC] PHP   2. getBookInfo() /home/ubuntu/workspace/javal/Finalproj/updateBook.php:82
[09-May-2018 00:10:34 UTC] PHP Fatal error:  Call to a member function prepare() on a non-object in /home/ubuntu/workspace/javal/Finalproj/updateBook.php on line 46
[09-May-2018 00:10:34 UTC] PHP Stack trace:
[09-May-2018 00:10:34 UTC] PHP   1. {main}() /home/ubuntu/workspace/javal/Finalproj/updateBook.php:0
[09-May-2018 00:10:34 UTC] PHP   2. getBookInfo() /home/ubuntu/workspace/javal/Finalproj/updateBook.php:82
[09-May-2018 00:12:45 UTC] PHP Fatal error:  Call to a member function prepare() on a non-object in /home/ubuntu/workspace/javal/Finalproj/updateBook.php on line 46
[09-May-2018 00:12:45 UTC] PHP Stack trace:
[09-May-2018 00:12:45 UTC] PHP   1. {main}() /home/ubuntu/workspace/javal/Finalproj/updateBook.php:0
[09-May-2018 00:12:45 UTC] PHP   2. getBookInfo() /home/ubuntu/workspace/javal/Finalproj/updateBook.php:82
[09-May-2018 00:16:22 UTC] PHP Fatal error:  Call to a member function prepare() on a non-object in /home/ubuntu/workspace/javal/Finalproj/updateBook.php on line 46
[09-May-2018 00:16:22 UTC] PHP Stack trace:
[09-May-2018 00:16:22 UTC] PHP   1. {main}() /home/ubuntu/workspace/javal/Finalproj/updateBook.php:0
[09-May-2018 00:16:22 UTC] PHP   2. getBookInfo() /home/ubuntu/workspace/javal/Finalproj/updateBook.php:82
[09-May-2018 00:17:56 UTC] PHP Fatal error:  Call to a member function prepare() on a non-object in /home/ubuntu/workspace/javal/Finalproj/updateBook.php on line 46
[09-May-2018 00:17:56 UTC] PHP Stack trace:
[09-May-2018 00:17:56 UTC] PHP   1. {main}() /home/ubuntu/workspace/javal/Finalproj/updateBook.php:0
[09-May-2018 00:17:56 UTC] PHP   2. getBookInfo() /home/ubuntu/workspace/javal/Finalproj/updateBook.php:82
[09-May-2018 00:17:59 UTC] PHP Fatal error:  Call to a member function prepare() on a non-object in /home/ubuntu/workspace/javal/Finalproj/updateBook.php on line 46
[09-May-2018 00:17:59 UTC] PHP Stack trace:
[09-May-2018 00:17:59 UTC] PHP   1. {main}() /home/ubuntu/workspace/javal/Finalproj/updateBook.php:0
[09-May-2018 00:17:59 UTC] PHP   2. getBookInfo() /home/ubuntu/workspace/javal/Finalproj/updateBook.php:82
[09-May-2018 00:21:28 UTC] PHP Fatal error:  Call to a member function prepare() on a non-object in /home/ubuntu/workspace/javal/Finalproj/updateBook.php on line 46
[09-May-2018 00:21:28 UTC] PHP Stack trace:
[09-May-2018 00:21:28 UTC] PHP   1. {main}() /home/ubuntu/workspace/javal/Finalproj/updateBook.php:0
[09-May-2018 00:21:28 UTC] PHP   2. getBookInfo() /home/ubuntu/workspace/javal/Finalproj/updateBook.php:82
[09-May-2018 00:23:16 UTC] PHP Fatal error:  Call to a member function prepare() on a non-object in /home/ubuntu/workspace/javal/Finalproj/updateBook.php on line 46
[09-May-2018 00:23:16 UTC] PHP Stack trace:
[09-May-2018 00:23:16 UTC] PHP   1. {main}() /home/ubuntu/workspace/javal/Finalproj/updateBook.php:0
[09-May-2018 00:23:16 UTC] PHP   2. getBookInfo() /home/ubuntu/workspace/javal/Finalproj/updateBook.php:82
[09-May-2018 00:23:40 UTC] PHP Fatal error:  Call to a member function prepare() on a non-object in /home/ubuntu/workspace/javal/Finalproj/updateBook.php on line 46
[09-May-2018 00:23:40 UTC] PHP Stack trace:
[09-May-2018 00:23:40 UTC] PHP   1. {main}() /home/ubuntu/workspace/javal/Finalproj/updateBook.php:0
[09-May-2018 00:23:40 UTC] PHP   2. getBookInfo() /home/ubuntu/workspace/javal/Finalproj/updateBook.php:82
[09-May-2018 00:23:43 UTC] PHP Fatal error:  Call to a member function prepare() on a non-object in /home/ubuntu/workspace/javal/Finalproj/updateBook.php on line 46
[09-May-2018 00:23:43 UTC] PHP Stack trace:
[09-May-2018 00:23:43 UTC] PHP   1. {main}() /home/ubuntu/workspace/javal/Finalproj/updateBook.php:0
[09-May-2018 00:23:43 UTC] PHP   2. getBookInfo() /home/ubuntu/workspace/javal/Finalproj/updateBook.php:82
[09-May-2018 00:26:10 UTC] PHP Fatal error:  Call to a member function prepare() on a non-object in /home/ubuntu/workspace/javal/Finalproj/updateBook.php on line 46
[09-May-2018 00:26:10 UTC] PHP Stack trace:
[09-May-2018 00:26:10 UTC] PHP   1. {main}() /home/ubuntu/workspace/javal/Finalproj/updateBook.php:0
[09-May-2018 00:26:10 UTC] PHP   2. getBookInfo() /home/ubuntu/workspace/javal/Finalproj/updateBook.php:82
[09-May-2018 00:26:49 UTC] PHP Fatal error:  Call to a member function prepare() on a non-object in /home/ubuntu/workspace/javal/Finalproj/updateBook.php on line 46
[09-May-2018 00:26:49 UTC] PHP Stack trace:
[09-May-2018 00:26:49 UTC] PHP   1. {main}() /home/ubuntu/workspace/javal/Finalproj/updateBook.php:0
[09-May-2018 00:26:49 UTC] PHP   2. getBookInfo() /home/ubuntu/workspace/javal/Finalproj/updateBook.php:82
[09-May-2018 00:28:53 UTC] PHP Fatal error:  Call to a member function prepare() on a non-object in /home/ubuntu/workspace/javal/Finalproj/updateBook.php on line 46
[09-May-2018 00:28:53 UTC] PHP Stack trace:
[09-May-2018 00:28:53 UTC] PHP   1. {main}() /home/ubuntu/workspace/javal/Finalproj/updateBook.php:0
[09-May-2018 00:28:53 UTC] PHP   2. getBookInfo() /home/ubuntu/workspace/javal/Finalproj/updateBook.php:82
[09-May-2018 00:29:08 UTC] PHP Fatal error:  Call to a member function prepare() on a non-object in /home/ubuntu/workspace/javal/Finalproj/updateBook.php on line 46
[09-May-2018 00:29:08 UTC] PHP Stack trace:
[09-May-2018 00:29:08 UTC] PHP   1. {main}() /home/ubuntu/workspace/javal/Finalproj/updateBook.php:0
[09-May-2018 00:29:08 UTC] PHP   2. getBookInfo() /home/ubuntu/workspace/javal/Finalproj/updateBook.php:82
[09-May-2018 00:29:10 UTC] PHP Fatal error:  Call to a member function prepare() on a non-object in /home/ubuntu/workspace/javal/Finalproj/updateBook.php on line 46
[09-May-2018 00:29:10 UTC] PHP Stack trace:
[09-May-2018 00:29:10 UTC] PHP   1. {main}() /home/ubuntu/workspace/javal/Finalproj/updateBook.php:0
[09-May-2018 00:29:10 UTC] PHP   2. getBookInfo() /home/ubuntu/workspace/javal/Finalproj/updateBook.php:82
[09-May-2018 00:29:10 UTC] PHP Fatal error:  Call to a member function prepare() on a non-object in /home/ubuntu/workspace/javal/Finalproj/updateBook.php on line 46
[09-May-2018 00:29:10 UTC] PHP Stack trace:
[09-May-2018 00:29:10 UTC] PHP   1. {main}() /home/ubuntu/workspace/javal/Finalproj/updateBook.php:0
[09-May-2018 00:29:10 UTC] PHP   2. getBookInfo() /home/ubuntu/workspace/javal/Finalproj/updateBook.php:82
[09-May-2018 00:29:10 UTC] PHP Fatal error:  Call to a member function prepare() on a non-object in /home/ubuntu/workspace/javal/Finalproj/updateBook.php on line 46
[09-May-2018 00:29:10 UTC] PHP Stack trace:
[09-May-2018 00:29:10 UTC] PHP   1. {main}() /home/ubuntu/workspace/javal/Finalproj/updateBook.php:0
[09-May-2018 00:29:10 UTC] PHP   2. getBookInfo() /home/ubuntu/workspace/javal/Finalproj/updateBook.php:82
[09-May-2018 00:29:10 UTC] PHP Fatal error:  Call to a member function prepare() on a non-object in /home/ubuntu/workspace/javal/Finalproj/updateBook.php on line 46
[09-May-2018 00:29:10 UTC] PHP Stack trace:
[09-May-2018 00:29:10 UTC] PHP   1. {main}() /home/ubuntu/workspace/javal/Finalproj/updateBook.php:0
[09-May-2018 00:29:10 UTC] PHP   2. getBookInfo() /home/ubuntu/workspace/javal/Finalproj/updateBook.php:82
[09-May-2018 00:29:11 UTC] PHP Fatal error:  Call to a member function prepare() on a non-object in /home/ubuntu/workspace/javal/Finalproj/updateBook.php on line 46
[09-May-2018 00:29:11 UTC] PHP Stack trace:
[09-May-2018 00:29:11 UTC] PHP   1. {main}() /home/ubuntu/workspace/javal/Finalproj/updateBook.php:0
[09-May-2018 00:29:11 UTC] PHP   2. getBookInfo() /home/ubuntu/workspace/javal/Finalproj/updateBook.php:82
[09-May-2018 00:40:34 UTC] PHP Fatal error:  Call to a member function prepare() on a non-object in /home/ubuntu/workspace/javal/Finalproj/updateBook.php on line 46
[09-May-2018 00:40:34 UTC] PHP Stack trace:
[09-May-2018 00:40:34 UTC] PHP   1. {main}() /home/ubuntu/workspace/javal/Finalproj/updateBook.php:0
[09-May-2018 00:40:34 UTC] PHP   2. getBookInfo() /home/ubuntu/workspace/javal/Finalproj/updateBook.php:82
[09-May-2018 00:40:51 UTC] PHP Fatal error:  Call to a member function prepare() on a non-object in /home/ubuntu/workspace/javal/Finalproj/updateBook.php on line 46
[09-May-2018 00:40:51 UTC] PHP Stack trace:
[09-May-2018 00:40:51 UTC] PHP   1. {main}() /home/ubuntu/workspace/javal/Finalproj/updateBook.php:0
[09-May-2018 00:40:51 UTC] PHP   2. getBookInfo() /home/ubuntu/workspace/javal/Finalproj/updateBook.php:82
[09-May-2018 00:43:51 UTC] PHP Fatal error:  Call to a member function prepare() on a non-object in /home/ubuntu/workspace/javal/Finalproj/updateBook.php on line 46
[09-May-2018 00:43:51 UTC] PHP Stack trace:
[09-May-2018 00:43:51 UTC] PHP   1. {main}() /home/ubuntu/workspace/javal/Finalproj/updateBook.php:0
[09-May-2018 00:43:51 UTC] PHP   2. getBookInfo() /home/ubuntu/workspace/javal/Finalproj/updateBook.php:82
[09-May-2018 00:46:11 UTC] PHP Fatal error:  Call to a member function prepare() on a non-object in /home/ubuntu/workspace/javal/Finalproj/updateBook.php on line 46
[09-May-2018 00:46:11 UTC] PHP Stack trace:
[09-May-2018 00:46:11 UTC] PHP   1. {main}() /home/ubuntu/workspace/javal/Finalproj/updateBook.php:0
[09-May-2018 00:46:11 UTC] PHP   2. getBookInfo() /home/ubuntu/workspace/javal/Finalproj/updateBook.php:82
[09-May-2018 00:46:17 UTC] PHP Fatal error:  Call to a member function prepare() on a non-object in /home/ubuntu/workspace/javal/Finalproj/updateBook.php on line 46
[09-May-2018 00:46:17 UTC] PHP Stack trace:
[09-May-2018 00:46:17 UTC] PHP   1. {main}() /home/ubuntu/workspace/javal/Finalproj/updateBook.php:0
[09-May-2018 00:46:17 UTC] PHP   2. getBookInfo() /home/ubuntu/workspace/javal/Finalproj/updateBook.php:82
[09-May-2018 01:07:30 UTC] PHP Fatal error:  Call to a member function prepare() on a non-object in /home/ubuntu/workspace/javal/Finalproj/updateBook.php on line 17
[09-May-2018 01:07:30 UTC] PHP Stack trace:
[09-May-2018 01:07:30 UTC] PHP   1. {main}() /home/ubuntu/workspace/javal/Finalproj/updateBook.php:0
[09-May-2018 01:07:30 UTC] PHP   2. getCategories() /home/ubuntu/workspace/javal/Finalproj/updateBook.php:112
[09-May-2018 01:07:32 UTC] PHP Fatal error:  Call to a member function prepare() on a non-object in /home/ubuntu/workspace/javal/Finalproj/updateBook.php on line 17
[09-May-2018 01:07:32 UTC] PHP Stack trace:
[09-May-2018 01:07:32 UTC] PHP   1. {main}() /home/ubuntu/workspace/javal/Finalproj/updateBook.php:0
[09-May-2018 01:07:32 UTC] PHP   2. getCategories() /home/ubuntu/workspace/javal/Finalproj/updateBook.php:112
[09-May-2018 01:09:21 UTC] PHP Fatal error:  Uncaught exception 'PDOException' with message 'SQLSTATE[42S02]: Base table or view not found: 1146 Table 'Library.om_product' doesn't exist' in /home/ubuntu/workspace/javal/Finalproj/updateBook.php:77
Stack trace:
#0 /home/ubuntu/workspace/javal/Finalproj/updateBook.php(77): PDOStatement->execute(Array)
#1 {main}
  thrown in /home/ubuntu/workspace/javal/Finalproj/updateBook.php on line 77
[09-May-2018 01:17:13 UTC] PHP Fatal error:  Uncaught exception 'PDOException' with message 'SQLSTATE[42S22]: Column not found: 1054 Unknown column 'boookName' in 'field list'' in /home/ubuntu/workspace/javal/Finalproj/updateBook.php:84
Stack trace:
#0 /home/ubuntu/workspace/javal/Finalproj/updateBook.php(84): PDOStatement->execute(Array)
#1 {main}
  thrown in /home/ubuntu/workspace/javal/Finalproj/updateBook.php on line 84
[09-May-2018 01:18:50 UTC] PHP Fatal error:  Uncaught exception 'PDOException' with message 'SQLSTATE[42S22]: Column not found: 1054 Unknown column 'boookName' in 'field list'' in /home/ubuntu/workspace/javal/Finalproj/updateBook.php:84
Stack trace:
#0 /home/ubuntu/workspace/javal/Finalproj/updateBook.php(84): PDOStatement->execute(Array)
#1 {main}
  thrown in /home/ubuntu/workspace/javal/Finalproj/updateBook.php on line 84
[09-May-2018 03:07:55 UTC] PHP Fatal error:  Call to undefined function getAuthor() in /home/ubuntu/workspace/javal/Finalproj/addAuthor.php on line 42
[09-May-2018 03:07:55 UTC] PHP Stack trace:
[09-May-2018 03:07:55 UTC] PHP   1. {main}() /home/ubuntu/workspace/javal/Finalproj/addAuthor.php:0
[09-May-2018 03:08:28 UTC] PHP Fatal error:  Call to undefined function getAuthor() in /home/ubuntu/workspace/javal/Finalproj/addAuthor.php on line 42
[09-May-2018 03:08:28 UTC] PHP Stack trace:
[09-May-2018 03:08:28 UTC] PHP   1. {main}() /home/ubuntu/workspace/javal/Finalproj/addAuthor.php:0
[09-May-2018 03:10:35 UTC] PHP Fatal error:  Call to undefined function getAuthor() in /home/ubuntu/workspace/javal/Finalproj/addAuthor.php on line 42
[09-May-2018 03:10:35 UTC] PHP Stack trace:
[09-May-2018 03:10:35 UTC] PHP   1. {main}() /home/ubuntu/workspace/javal/Finalproj/addAuthor.php:0
[09-May-2018 04:02:35 UTC] PHP Fatal error:  Uncaught exception 'PDOException' with message 'SQLSTATE[42000]: Syntax error or access violation: 1064 You have an error in your SQL syntax; check the manual that corresponds to your MySQL server version for the right syntax to use near ''Genre' ORDER BY genreName' at line 1' in /home/ubuntu/workspace/javal/Finalproj/index.php:12
Stack trace:
#0 /home/ubuntu/workspace/javal/Finalproj/index.php(12): PDOStatement->execute()
#1 /home/ubuntu/workspace/javal/Finalproj/index.php(47): displayGenre()
#2 {main}
  thrown in /home/ubuntu/workspace/javal/Finalproj/index.php on line 12
[09-May-2018 05:13:07 UTC] PHP Fatal error:  Uncaught exception 'PDOException' with message 'SQLSTATE[42000]: Syntax error or access violation: 1064 You have an error in your SQL syntax; check the manual that corresponds to your MySQL server version for the right syntax to use near 'ORDER BY price' at line 1' in /home/ubuntu/workspace/javal/Finalproj/Index.php:110
Stack trace:
#0 /home/ubuntu/workspace/javal/Finalproj/Index.php(110): PDOStatement->execute()
#1 /home/ubuntu/workspace/javal/Finalproj/Index.php(201): displaySearchResults()
#2 {main}
  thrown in /home/ubuntu/workspace/javal/Finalproj/Index.php on line 110
[09-May-2018 05:15:03 UTC] PHP Fatal error:  Uncaught exception 'PDOException' with message 'SQLSTATE[42000]: Syntax error or access violation: 1064 You have an error in your SQL syntax; check the manual that corresponds to your MySQL server version for the right syntax to use near 'ORDER BY price' at line 1' in /home/ubuntu/workspace/javal/Finalproj/Index.php:110
Stack trace:
#0 /home/ubuntu/workspace/javal/Finalproj/Index.php(110): PDOStatement->execute()
#1 /home/ubuntu/workspace/javal/Finalproj/Index.php(201): displaySearchResults()
#2 {main}
  thrown in /home/ubuntu/workspace/javal/Finalproj/Index.php on line 110
[09-May-2018 05:15:10 UTC] PHP Fatal error:  Uncaught exception 'PDOException' with message 'SQLSTATE[42000]: Syntax error or access violation: 1064 You have an error in your SQL syntax; check the manual that corresponds to your MySQL server version for the right syntax to use near 'ORDER BY price' at line 1' in /home/ubuntu/workspace/javal/Finalproj/Index.php:110
Stack trace:
#0 /home/ubuntu/workspace/javal/Finalproj/Index.php(110): PDOStatement->execute()
#1 /home/ubuntu/workspace/javal/Finalproj/Index.php(201): displaySearchResults()
#2 {main}
  thrown in /home/ubuntu/workspace/javal/Finalproj/Index.php on line 110
[09-May-2018 05:15:14 UTC] PHP Fatal error:  Uncaught exception 'PDOException' with message 'SQLSTATE[42000]: Syntax error or access violation: 1064 You have an error in your SQL syntax; check the manual that corresponds to your MySQL server version for the right syntax to use near 'ORDER BY price  DESC' at line 1' in /home/ubuntu/workspace/javal/Finalproj/Index.php:110
Stack trace:
#0 /home/ubuntu/workspace/javal/Finalproj/Index.php(110): PDOStatement->execute()
#1 /home/ubuntu/workspace/javal/Finalproj/Index.php(201): displaySearchResults()
#2 {main}
  thrown in /home/ubuntu/workspace/javal/Finalproj/Index.php on line 110
[09-May-2018 10:40:20 UTC] PHP Warning:  include(../dbdConnection.php): failed to open stream: No such file or directory in /home/ubuntu/workspace/javal/Finalproj/deleteBook.php on line 3
[09-May-2018 10:40:20 UTC] PHP Stack trace:
[09-May-2018 10:40:20 UTC] PHP   1. {main}() /home/ubuntu/workspace/javal/Finalproj/deleteBook.php:0
[09-May-2018 10:40:20 UTC] PHP Warning:  include(): Failed opening '../dbdConnection.php' for inclusion (include_path='.:/usr/share/php:/usr/share/pear') in /home/ubuntu/workspace/javal/Finalproj/deleteBook.php on line 3
[09-May-2018 10:40:20 UTC] PHP Stack trace:
[09-May-2018 10:40:20 UTC] PHP   1. {main}() /home/ubuntu/workspace/javal/Finalproj/deleteBook.php:0
[09-May-2018 10:40:20 UTC] PHP Fatal error:  Call to undefined function getDatabaseConnection() in /home/ubuntu/workspace/javal/Finalproj/deleteBook.php on line 5
[09-May-2018 10:40:20 UTC] PHP Stack trace:
[09-May-2018 10:40:20 UTC] PHP   1. {main}() /home/ubuntu/workspace/javal/Finalproj/deleteBook.php:0
[09-May-2018 10:44:43 UTC] PHP Fatal error:  Uncaught exception 'PDOException' with message 'SQLSTATE[42000]: Syntax error or access violation: 1064 You have an error in your SQL syntax; check the manual that corresponds to your MySQL server version for the right syntax to use near '' at line 1' in /home/ubuntu/workspace/javal/Finalproj/deleteBook.php:9
Stack trace:
#0 /home/ubuntu/workspace/javal/Finalproj/deleteBook.php(9): PDOStatement->execute()
#1 {main}
  thrown in /home/ubuntu/workspace/javal/Finalproj/deleteBook.php on line 9
[09-May-2018 10:55:51 UTC] PHP Parse error:  syntax error, unexpected 'echo' (T_ECHO), expecting ',' or ';' in /home/ubuntu/workspace/javal/Finalproj/adminpage.php on line 81
[09-May-2018 11:16:11 UTC] PHP Fatal error:  Uncaught exception 'PDOException' with message 'SQLSTATE[42000]: Syntax error or access violation: 1064 You have an error in your SQL syntax; check the manual that corresponds to your MySQL server version for the right syntax to use near '' at line 1' in /home/ubuntu/workspace/javal/Finalproj/deleteBook.php:9
Stack trace:
#0 /home/ubuntu/workspace/javal/Finalproj/deleteBook.php(9): PDOStatement->execute()
#1 {main}
  thrown in /home/ubuntu/workspace/javal/Finalproj/deleteBook.php on line 9
[09-May-2018 11:23:41 UTC] PHP Warning:  include(../../dbConnection.php): failed to open stream: No such file or directory in /home/ubuntu/workspace/javal/Finalproj/deleteBook.php on line 3
[09-May-2018 11:23:41 UTC] PHP Stack trace:
[09-May-2018 11:23:41 UTC] PHP   1. {main}() /home/ubuntu/workspace/javal/Finalproj/deleteBook.php:0
[09-May-2018 11:23:41 UTC] PHP Warning:  include(): Failed opening '../../dbConnection.php' for inclusion (include_path='.:/usr/share/php:/usr/share/pear') in /home/ubuntu/workspace/javal/Finalproj/deleteBook.php on line 3
[09-May-2018 11:23:41 UTC] PHP Stack trace:
[09-May-2018 11:23:41 UTC] PHP   1. {main}() /home/ubuntu/workspace/javal/Finalproj/deleteBook.php:0
[09-May-2018 11:23:41 UTC] PHP Fatal error:  Call to undefined function getDatabaseConnection() in /home/ubuntu/workspace/javal/Finalproj/deleteBook.php on line 5
[09-May-2018 11:23:41 UTC] PHP Stack trace:
[09-May-2018 11:23:41 UTC] PHP   1. {main}() /home/ubuntu/workspace/javal/Finalproj/deleteBook.php:0
