[28-Mar-2018 18:43:09 UTC] PHP Warning:  include(../includes/dbConn.php): failed to open stream: No such file or directory in /home/ubuntu/workspace/javal/exam/midterm/practice/answer_program2.php on line 3
[28-Mar-2018 18:43:09 UTC] PHP Stack trace:
[28-Mar-2018 18:43:09 UTC] PHP   1. {main}() /home/ubuntu/workspace/javal/exam/midterm/practice/answer_program2.php:0
[28-Mar-2018 18:43:09 UTC] PHP Warning:  include(): Failed opening '../includes/dbConn.php' for inclusion (include_path='.:/usr/share/php:/usr/share/pear') in /home/ubuntu/workspace/javal/exam/midterm/practice/answer_program2.php on line 3
[28-Mar-2018 18:43:09 UTC] PHP Stack trace:
[28-Mar-2018 18:43:09 UTC] PHP   1. {main}() /home/ubuntu/workspace/javal/exam/midterm/practice/answer_program2.php:0
[28-Mar-2018 18:43:09 UTC] PHP Fatal error:  Call to undefined function getConnection() in /home/ubuntu/workspace/javal/exam/midterm/practice/answer_program2.php on line 4
[28-Mar-2018 18:43:09 UTC] PHP Stack trace:
[28-Mar-2018 18:43:09 UTC] PHP   1. {main}() /home/ubuntu/workspace/javal/exam/midterm/practice/answer_program2.php:0
[28-Mar-2018 18:51:47 UTC] PHP Warning:  include(../includes/dbConn.php): failed to open stream: No such file or directory in /home/ubuntu/workspace/javal/exam/midterm/practice/answer_program2.php on line 3
[28-Mar-2018 18:51:47 UTC] PHP Stack trace:
[28-Mar-2018 18:51:47 UTC] PHP   1. {main}() /home/ubuntu/workspace/javal/exam/midterm/practice/answer_program2.php:0
[28-Mar-2018 18:51:47 UTC] PHP Warning:  include(): Failed opening '../includes/dbConn.php' for inclusion (include_path='.:/usr/share/php:/usr/share/pear') in /home/ubuntu/workspace/javal/exam/midterm/practice/answer_program2.php on line 3
[28-Mar-2018 18:51:47 UTC] PHP Stack trace:
[28-Mar-2018 18:51:47 UTC] PHP   1. {main}() /home/ubuntu/workspace/javal/exam/midterm/practice/answer_program2.php:0
[28-Mar-2018 18:51:47 UTC] PHP Fatal error:  Call to undefined function getConnection() in /home/ubuntu/workspace/javal/exam/midterm/practice/answer_program2.php on line 4
[28-Mar-2018 18:51:47 UTC] PHP Stack trace:
[28-Mar-2018 18:51:47 UTC] PHP   1. {main}() /home/ubuntu/workspace/javal/exam/midterm/practice/answer_program2.php:0
[28-Mar-2018 18:51:50 UTC] PHP Warning:  include(../includes/dbConn.php): failed to open stream: No such file or directory in /home/ubuntu/workspace/javal/exam/midterm/practice/answer_program2.php on line 3
[28-Mar-2018 18:51:50 UTC] PHP Stack trace:
[28-Mar-2018 18:51:50 UTC] PHP   1. {main}() /home/ubuntu/workspace/javal/exam/midterm/practice/answer_program2.php:0
[28-Mar-2018 18:51:50 UTC] PHP Warning:  include(): Failed opening '../includes/dbConn.php' for inclusion (include_path='.:/usr/share/php:/usr/share/pear') in /home/ubuntu/workspace/javal/exam/midterm/practice/answer_program2.php on line 3
[28-Mar-2018 18:51:50 UTC] PHP Stack trace:
[28-Mar-2018 18:51:50 UTC] PHP   1. {main}() /home/ubuntu/workspace/javal/exam/midterm/practice/answer_program2.php:0
[28-Mar-2018 18:51:50 UTC] PHP Fatal error:  Call to undefined function getConnection() in /home/ubuntu/workspace/javal/exam/midterm/practice/answer_program2.php on line 4
[28-Mar-2018 18:51:50 UTC] PHP Stack trace:
[28-Mar-2018 18:51:50 UTC] PHP   1. {main}() /home/ubuntu/workspace/javal/exam/midterm/practice/answer_program2.php:0
[28-Mar-2018 18:51:51 UTC] PHP Warning:  include(../includes/dbConn.php): failed to open stream: No such file or directory in /home/ubuntu/workspace/javal/exam/midterm/practice/answer_program2.php on line 3
[28-Mar-2018 18:51:51 UTC] PHP Stack trace:
[28-Mar-2018 18:51:51 UTC] PHP   1. {main}() /home/ubuntu/workspace/javal/exam/midterm/practice/answer_program2.php:0
[28-Mar-2018 18:51:51 UTC] PHP Warning:  include(): Failed opening '../includes/dbConn.php' for inclusion (include_path='.:/usr/share/php:/usr/share/pear') in /home/ubuntu/workspace/javal/exam/midterm/practice/answer_program2.php on line 3
[28-Mar-2018 18:51:51 UTC] PHP Stack trace:
[28-Mar-2018 18:51:51 UTC] PHP   1. {main}() /home/ubuntu/workspace/javal/exam/midterm/practice/answer_program2.php:0
[28-Mar-2018 18:51:51 UTC] PHP Fatal error:  Call to undefined function getConnection() in /home/ubuntu/workspace/javal/exam/midterm/practice/answer_program2.php on line 4
[28-Mar-2018 18:51:51 UTC] PHP Stack trace:
[28-Mar-2018 18:51:51 UTC] PHP   1. {main}() /home/ubuntu/workspace/javal/exam/midterm/practice/answer_program2.php:0
[28-Mar-2018 18:51:53 UTC] PHP Warning:  include(../includes/dbConn.php): failed to open stream: No such file or directory in /home/ubuntu/workspace/javal/exam/midterm/practice/answer_program2.php on line 3
[28-Mar-2018 18:51:53 UTC] PHP Stack trace:
[28-Mar-2018 18:51:53 UTC] PHP   1. {main}() /home/ubuntu/workspace/javal/exam/midterm/practice/answer_program2.php:0
[28-Mar-2018 18:51:53 UTC] PHP Warning:  include(): Failed opening '../includes/dbConn.php' for inclusion (include_path='.:/usr/share/php:/usr/share/pear') in /home/ubuntu/workspace/javal/exam/midterm/practice/answer_program2.php on line 3
[28-Mar-2018 18:51:53 UTC] PHP Stack trace:
[28-Mar-2018 18:51:53 UTC] PHP   1. {main}() /home/ubuntu/workspace/javal/exam/midterm/practice/answer_program2.php:0
[28-Mar-2018 18:51:53 UTC] PHP Fatal error:  Call to undefined function getConnection() in /home/ubuntu/workspace/javal/exam/midterm/practice/answer_program2.php on line 4
[28-Mar-2018 18:51:53 UTC] PHP Stack trace:
[28-Mar-2018 18:51:53 UTC] PHP   1. {main}() /home/ubuntu/workspace/javal/exam/midterm/practice/answer_program2.php:0
[28-Mar-2018 18:52:35 UTC] PHP Warning:  include(../../dbConnection.php): failed to open stream: No such file or directory in /home/ubuntu/workspace/javal/exam/midterm/practice/answer_program2.php on line 3
[28-Mar-2018 18:52:35 UTC] PHP Stack trace:
[28-Mar-2018 18:52:35 UTC] PHP   1. {main}() /home/ubuntu/workspace/javal/exam/midterm/practice/answer_program2.php:0
[28-Mar-2018 18:52:35 UTC] PHP Warning:  include(): Failed opening '../../dbConnection.php' for inclusion (include_path='.:/usr/share/php:/usr/share/pear') in /home/ubuntu/workspace/javal/exam/midterm/practice/answer_program2.php on line 3
[28-Mar-2018 18:52:35 UTC] PHP Stack trace:
[28-Mar-2018 18:52:35 UTC] PHP   1. {main}() /home/ubuntu/workspace/javal/exam/midterm/practice/answer_program2.php:0
[28-Mar-2018 18:52:35 UTC] PHP Fatal error:  Call to undefined function getConnection() in /home/ubuntu/workspace/javal/exam/midterm/practice/answer_program2.php on line 4
[28-Mar-2018 18:52:35 UTC] PHP Stack trace:
[28-Mar-2018 18:52:35 UTC] PHP   1. {main}() /home/ubuntu/workspace/javal/exam/midterm/practice/answer_program2.php:0
[28-Mar-2018 18:53:01 UTC] PHP Fatal error:  Call to undefined function getConnection() in /home/ubuntu/workspace/javal/exam/midterm/practice/answer_program2.php on line 4
[28-Mar-2018 18:53:01 UTC] PHP Stack trace:
[28-Mar-2018 18:53:01 UTC] PHP   1. {main}() /home/ubuntu/workspace/javal/exam/midterm/practice/answer_program2.php:0
[28-Mar-2018 18:53:16 UTC] PHP Fatal error:  Call to undefined function getConnection() in /home/ubuntu/workspace/javal/exam/midterm/practice/answer_program2.php on line 4
[28-Mar-2018 18:53:16 UTC] PHP Stack trace:
[28-Mar-2018 18:53:16 UTC] PHP   1. {main}() /home/ubuntu/workspace/javal/exam/midterm/practice/answer_program2.php:0
[28-Mar-2018 18:53:17 UTC] PHP Fatal error:  Call to undefined function getConnection() in /home/ubuntu/workspace/javal/exam/midterm/practice/answer_program2.php on line 4
[28-Mar-2018 18:53:17 UTC] PHP Stack trace:
[28-Mar-2018 18:53:17 UTC] PHP   1. {main}() /home/ubuntu/workspace/javal/exam/midterm/practice/answer_program2.php:0
[28-Mar-2018 18:53:18 UTC] PHP Fatal error:  Call to undefined function getConnection() in /home/ubuntu/workspace/javal/exam/midterm/practice/answer_program2.php on line 4
[28-Mar-2018 18:53:18 UTC] PHP Stack trace:
[28-Mar-2018 18:53:18 UTC] PHP   1. {main}() /home/ubuntu/workspace/javal/exam/midterm/practice/answer_program2.php:0
