[30-Apr-2018 22:30:12 UTC] PHP Warning:  include(../../../dbConnection.php): failed to open stream: No such file or directory in /home/ubuntu/workspace/javal/labs/lab10/pets/api/getPetInfo.php on line 3
[30-Apr-2018 22:30:12 UTC] PHP Stack trace:
[30-Apr-2018 22:30:12 UTC] PHP   1. {main}() /home/ubuntu/workspace/javal/labs/lab10/pets/api/getPetInfo.php:0
[30-Apr-2018 22:30:12 UTC] PHP Warning:  include(): Failed opening '../../../dbConnection.php' for inclusion (include_path='.:/usr/share/php:/usr/share/pear') in /home/ubuntu/workspace/javal/labs/lab10/pets/api/getPetInfo.php on line 3
[30-Apr-2018 22:30:12 UTC] PHP Stack trace:
[30-Apr-2018 22:30:12 UTC] PHP   1. {main}() /home/ubuntu/workspace/javal/labs/lab10/pets/api/getPetInfo.php:0
[30-Apr-2018 22:30:12 UTC] PHP Fatal error:  Call to undefined function getDatabaseConnection() in /home/ubuntu/workspace/javal/labs/lab10/pets/api/getPetInfo.php on line 5
[30-Apr-2018 22:30:12 UTC] PHP Stack trace:
[30-Apr-2018 22:30:12 UTC] PHP   1. {main}() /home/ubuntu/workspace/javal/labs/lab10/pets/api/getPetInfo.php:0
[30-Apr-2018 22:31:19 UTC] PHP Warning:  include(../../../dbConnection.php): failed to open stream: No such file or directory in /home/ubuntu/workspace/javal/labs/lab10/pets/api/getPetInfo.php on line 3
[30-Apr-2018 22:31:19 UTC] PHP Stack trace:
[30-Apr-2018 22:31:19 UTC] PHP   1. {main}() /home/ubuntu/workspace/javal/labs/lab10/pets/api/getPetInfo.php:0
[30-Apr-2018 22:31:19 UTC] PHP Warning:  include(): Failed opening '../../../dbConnection.php' for inclusion (include_path='.:/usr/share/php:/usr/share/pear') in /home/ubuntu/workspace/javal/labs/lab10/pets/api/getPetInfo.php on line 3
[30-Apr-2018 22:31:19 UTC] PHP Stack trace:
[30-Apr-2018 22:31:19 UTC] PHP   1. {main}() /home/ubuntu/workspace/javal/labs/lab10/pets/api/getPetInfo.php:0
[30-Apr-2018 22:31:19 UTC] PHP Fatal error:  Call to undefined function getDatabaseConnection() in /home/ubuntu/workspace/javal/labs/lab10/pets/api/getPetInfo.php on line 5
[30-Apr-2018 22:31:19 UTC] PHP Stack trace:
[30-Apr-2018 22:31:19 UTC] PHP   1. {main}() /home/ubuntu/workspace/javal/labs/lab10/pets/api/getPetInfo.php:0
[30-Apr-2018 22:31:21 UTC] PHP Warning:  include(../../../dbConnection.php): failed to open stream: No such file or directory in /home/ubuntu/workspace/javal/labs/lab10/pets/api/getPetInfo.php on line 3
[30-Apr-2018 22:31:21 UTC] PHP Stack trace:
[30-Apr-2018 22:31:21 UTC] PHP   1. {main}() /home/ubuntu/workspace/javal/labs/lab10/pets/api/getPetInfo.php:0
[30-Apr-2018 22:31:21 UTC] PHP Warning:  include(): Failed opening '../../../dbConnection.php' for inclusion (include_path='.:/usr/share/php:/usr/share/pear') in /home/ubuntu/workspace/javal/labs/lab10/pets/api/getPetInfo.php on line 3
[30-Apr-2018 22:31:21 UTC] PHP Stack trace:
[30-Apr-2018 22:31:21 UTC] PHP   1. {main}() /home/ubuntu/workspace/javal/labs/lab10/pets/api/getPetInfo.php:0
[30-Apr-2018 22:31:21 UTC] PHP Fatal error:  Call to undefined function getDatabaseConnection() in /home/ubuntu/workspace/javal/labs/lab10/pets/api/getPetInfo.php on line 5
[30-Apr-2018 22:31:21 UTC] PHP Stack trace:
[30-Apr-2018 22:31:21 UTC] PHP   1. {main}() /home/ubuntu/workspace/javal/labs/lab10/pets/api/getPetInfo.php:0
[30-Apr-2018 22:31:22 UTC] PHP Warning:  include(../../../dbConnection.php): failed to open stream: No such file or directory in /home/ubuntu/workspace/javal/labs/lab10/pets/api/getPetInfo.php on line 3
[30-Apr-2018 22:31:22 UTC] PHP Stack trace:
[30-Apr-2018 22:31:22 UTC] PHP   1. {main}() /home/ubuntu/workspace/javal/labs/lab10/pets/api/getPetInfo.php:0
[30-Apr-2018 22:31:22 UTC] PHP Warning:  include(): Failed opening '../../../dbConnection.php' for inclusion (include_path='.:/usr/share/php:/usr/share/pear') in /home/ubuntu/workspace/javal/labs/lab10/pets/api/getPetInfo.php on line 3
[30-Apr-2018 22:31:22 UTC] PHP Stack trace:
[30-Apr-2018 22:31:22 UTC] PHP   1. {main}() /home/ubuntu/workspace/javal/labs/lab10/pets/api/getPetInfo.php:0
[30-Apr-2018 22:31:22 UTC] PHP Fatal error:  Call to undefined function getDatabaseConnection() in /home/ubuntu/workspace/javal/labs/lab10/pets/api/getPetInfo.php on line 5
[30-Apr-2018 22:31:22 UTC] PHP Stack trace:
[30-Apr-2018 22:31:22 UTC] PHP   1. {main}() /home/ubuntu/workspace/javal/labs/lab10/pets/api/getPetInfo.php:0
[30-Apr-2018 22:33:55 UTC] PHP Warning:  include(../../../dbConnection.php): failed to open stream: No such file or directory in /home/ubuntu/workspace/javal/labs/lab10/pets/api/getPetInfo.php on line 3
[30-Apr-2018 22:33:55 UTC] PHP Stack trace:
[30-Apr-2018 22:33:55 UTC] PHP   1. {main}() /home/ubuntu/workspace/javal/labs/lab10/pets/api/getPetInfo.php:0
[30-Apr-2018 22:33:55 UTC] PHP Warning:  include(): Failed opening '../../../dbConnection.php' for inclusion (include_path='.:/usr/share/php:/usr/share/pear') in /home/ubuntu/workspace/javal/labs/lab10/pets/api/getPetInfo.php on line 3
[30-Apr-2018 22:33:55 UTC] PHP Stack trace:
[30-Apr-2018 22:33:55 UTC] PHP   1. {main}() /home/ubuntu/workspace/javal/labs/lab10/pets/api/getPetInfo.php:0
[30-Apr-2018 22:33:55 UTC] PHP Fatal error:  Call to undefined function getDatabaseConnection() in /home/ubuntu/workspace/javal/labs/lab10/pets/api/getPetInfo.php on line 5
[30-Apr-2018 22:33:55 UTC] PHP Stack trace:
[30-Apr-2018 22:33:55 UTC] PHP   1. {main}() /home/ubuntu/workspace/javal/labs/lab10/pets/api/getPetInfo.php:0
[30-Apr-2018 22:33:56 UTC] PHP Warning:  include(../../../dbConnection.php): failed to open stream: No such file or directory in /home/ubuntu/workspace/javal/labs/lab10/pets/api/getPetInfo.php on line 3
[30-Apr-2018 22:33:56 UTC] PHP Stack trace:
[30-Apr-2018 22:33:56 UTC] PHP   1. {main}() /home/ubuntu/workspace/javal/labs/lab10/pets/api/getPetInfo.php:0
[30-Apr-2018 22:33:56 UTC] PHP Warning:  include(): Failed opening '../../../dbConnection.php' for inclusion (include_path='.:/usr/share/php:/usr/share/pear') in /home/ubuntu/workspace/javal/labs/lab10/pets/api/getPetInfo.php on line 3
[30-Apr-2018 22:33:56 UTC] PHP Stack trace:
[30-Apr-2018 22:33:56 UTC] PHP   1. {main}() /home/ubuntu/workspace/javal/labs/lab10/pets/api/getPetInfo.php:0
[30-Apr-2018 22:33:56 UTC] PHP Fatal error:  Call to undefined function getDatabaseConnection() in /home/ubuntu/workspace/javal/labs/lab10/pets/api/getPetInfo.php on line 5
[30-Apr-2018 22:33:56 UTC] PHP Stack trace:
[30-Apr-2018 22:33:56 UTC] PHP   1. {main}() /home/ubuntu/workspace/javal/labs/lab10/pets/api/getPetInfo.php:0
[30-Apr-2018 22:33:57 UTC] PHP Warning:  include(../../../dbConnection.php): failed to open stream: No such file or directory in /home/ubuntu/workspace/javal/labs/lab10/pets/api/getPetInfo.php on line 3
[30-Apr-2018 22:33:57 UTC] PHP Stack trace:
[30-Apr-2018 22:33:57 UTC] PHP   1. {main}() /home/ubuntu/workspace/javal/labs/lab10/pets/api/getPetInfo.php:0
[30-Apr-2018 22:33:57 UTC] PHP Warning:  include(): Failed opening '../../../dbConnection.php' for inclusion (include_path='.:/usr/share/php:/usr/share/pear') in /home/ubuntu/workspace/javal/labs/lab10/pets/api/getPetInfo.php on line 3
[30-Apr-2018 22:33:57 UTC] PHP Stack trace:
[30-Apr-2018 22:33:57 UTC] PHP   1. {main}() /home/ubuntu/workspace/javal/labs/lab10/pets/api/getPetInfo.php:0
[30-Apr-2018 22:33:57 UTC] PHP Fatal error:  Call to undefined function getDatabaseConnection() in /home/ubuntu/workspace/javal/labs/lab10/pets/api/getPetInfo.php on line 5
[30-Apr-2018 22:33:57 UTC] PHP Stack trace:
[30-Apr-2018 22:33:57 UTC] PHP   1. {main}() /home/ubuntu/workspace/javal/labs/lab10/pets/api/getPetInfo.php:0
[30-Apr-2018 22:33:57 UTC] PHP Warning:  include(../../../dbConnection.php): failed to open stream: No such file or directory in /home/ubuntu/workspace/javal/labs/lab10/pets/api/getPetInfo.php on line 3
[30-Apr-2018 22:33:57 UTC] PHP Stack trace:
[30-Apr-2018 22:33:57 UTC] PHP   1. {main}() /home/ubuntu/workspace/javal/labs/lab10/pets/api/getPetInfo.php:0
[30-Apr-2018 22:33:57 UTC] PHP Warning:  include(): Failed opening '../../../dbConnection.php' for inclusion (include_path='.:/usr/share/php:/usr/share/pear') in /home/ubuntu/workspace/javal/labs/lab10/pets/api/getPetInfo.php on line 3
[30-Apr-2018 22:33:57 UTC] PHP Stack trace:
[30-Apr-2018 22:33:57 UTC] PHP   1. {main}() /home/ubuntu/workspace/javal/labs/lab10/pets/api/getPetInfo.php:0
[30-Apr-2018 22:33:57 UTC] PHP Fatal error:  Call to undefined function getDatabaseConnection() in /home/ubuntu/workspace/javal/labs/lab10/pets/api/getPetInfo.php on line 5
[30-Apr-2018 22:33:57 UTC] PHP Stack trace:
[30-Apr-2018 22:33:57 UTC] PHP   1. {main}() /home/ubuntu/workspace/javal/labs/lab10/pets/api/getPetInfo.php:0
[30-Apr-2018 22:33:57 UTC] PHP Warning:  include(../../../dbConnection.php): failed to open stream: No such file or directory in /home/ubuntu/workspace/javal/labs/lab10/pets/api/getPetInfo.php on line 3
[30-Apr-2018 22:33:57 UTC] PHP Stack trace:
[30-Apr-2018 22:33:57 UTC] PHP   1. {main}() /home/ubuntu/workspace/javal/labs/lab10/pets/api/getPetInfo.php:0
[30-Apr-2018 22:33:57 UTC] PHP Warning:  include(): Failed opening '../../../dbConnection.php' for inclusion (include_path='.:/usr/share/php:/usr/share/pear') in /home/ubuntu/workspace/javal/labs/lab10/pets/api/getPetInfo.php on line 3
[30-Apr-2018 22:33:57 UTC] PHP Stack trace:
[30-Apr-2018 22:33:57 UTC] PHP   1. {main}() /home/ubuntu/workspace/javal/labs/lab10/pets/api/getPetInfo.php:0
[30-Apr-2018 22:33:57 UTC] PHP Fatal error:  Call to undefined function getDatabaseConnection() in /home/ubuntu/workspace/javal/labs/lab10/pets/api/getPetInfo.php on line 5
[30-Apr-2018 22:33:57 UTC] PHP Stack trace:
[30-Apr-2018 22:33:57 UTC] PHP   1. {main}() /home/ubuntu/workspace/javal/labs/lab10/pets/api/getPetInfo.php:0
[30-Apr-2018 22:33:57 UTC] PHP Warning:  include(../../../dbConnection.php): failed to open stream: No such file or directory in /home/ubuntu/workspace/javal/labs/lab10/pets/api/getPetInfo.php on line 3
[30-Apr-2018 22:33:57 UTC] PHP Stack trace:
[30-Apr-2018 22:33:57 UTC] PHP   1. {main}() /home/ubuntu/workspace/javal/labs/lab10/pets/api/getPetInfo.php:0
[30-Apr-2018 22:33:57 UTC] PHP Warning:  include(): Failed opening '../../../dbConnection.php' for inclusion (include_path='.:/usr/share/php:/usr/share/pear') in /home/ubuntu/workspace/javal/labs/lab10/pets/api/getPetInfo.php on line 3
[30-Apr-2018 22:33:57 UTC] PHP Stack trace:
[30-Apr-2018 22:33:57 UTC] PHP   1. {main}() /home/ubuntu/workspace/javal/labs/lab10/pets/api/getPetInfo.php:0
[30-Apr-2018 22:33:57 UTC] PHP Fatal error:  Call to undefined function getDatabaseConnection() in /home/ubuntu/workspace/javal/labs/lab10/pets/api/getPetInfo.php on line 5
[30-Apr-2018 22:33:57 UTC] PHP Stack trace:
[30-Apr-2018 22:33:57 UTC] PHP   1. {main}() /home/ubuntu/workspace/javal/labs/lab10/pets/api/getPetInfo.php:0
[30-Apr-2018 22:33:57 UTC] PHP Warning:  include(../../../dbConnection.php): failed to open stream: No such file or directory in /home/ubuntu/workspace/javal/labs/lab10/pets/api/getPetInfo.php on line 3
[30-Apr-2018 22:33:57 UTC] PHP Stack trace:
[30-Apr-2018 22:33:57 UTC] PHP   1. {main}() /home/ubuntu/workspace/javal/labs/lab10/pets/api/getPetInfo.php:0
[30-Apr-2018 22:33:57 UTC] PHP Warning:  include(): Failed opening '../../../dbConnection.php' for inclusion (include_path='.:/usr/share/php:/usr/share/pear') in /home/ubuntu/workspace/javal/labs/lab10/pets/api/getPetInfo.php on line 3
[30-Apr-2018 22:33:57 UTC] PHP Stack trace:
[30-Apr-2018 22:33:57 UTC] PHP   1. {main}() /home/ubuntu/workspace/javal/labs/lab10/pets/api/getPetInfo.php:0
[30-Apr-2018 22:33:57 UTC] PHP Fatal error:  Call to undefined function getDatabaseConnection() in /home/ubuntu/workspace/javal/labs/lab10/pets/api/getPetInfo.php on line 5
[30-Apr-2018 22:33:57 UTC] PHP Stack trace:
[30-Apr-2018 22:33:57 UTC] PHP   1. {main}() /home/ubuntu/workspace/javal/labs/lab10/pets/api/getPetInfo.php:0
[30-Apr-2018 22:34:48 UTC] PHP Warning:  include(../../../dbConnection.php): failed to open stream: No such file or directory in /home/ubuntu/workspace/javal/labs/lab10/pets/api/getPetInfo.php on line 3
[30-Apr-2018 22:34:48 UTC] PHP Stack trace:
[30-Apr-2018 22:34:48 UTC] PHP   1. {main}() /home/ubuntu/workspace/javal/labs/lab10/pets/api/getPetInfo.php:0
[30-Apr-2018 22:34:48 UTC] PHP Warning:  include(): Failed opening '../../../dbConnection.php' for inclusion (include_path='.:/usr/share/php:/usr/share/pear') in /home/ubuntu/workspace/javal/labs/lab10/pets/api/getPetInfo.php on line 3
[30-Apr-2018 22:34:48 UTC] PHP Stack trace:
[30-Apr-2018 22:34:48 UTC] PHP   1. {main}() /home/ubuntu/workspace/javal/labs/lab10/pets/api/getPetInfo.php:0
[30-Apr-2018 22:34:48 UTC] PHP Fatal error:  Call to undefined function getDatabaseConnection() in /home/ubuntu/workspace/javal/labs/lab10/pets/api/getPetInfo.php on line 5
[30-Apr-2018 22:34:48 UTC] PHP Stack trace:
[30-Apr-2018 22:34:48 UTC] PHP   1. {main}() /home/ubuntu/workspace/javal/labs/lab10/pets/api/getPetInfo.php:0
[30-Apr-2018 22:34:49 UTC] PHP Warning:  include(../../../dbConnection.php): failed to open stream: No such file or directory in /home/ubuntu/workspace/javal/labs/lab10/pets/api/getPetInfo.php on line 3
[30-Apr-2018 22:34:49 UTC] PHP Stack trace:
[30-Apr-2018 22:34:49 UTC] PHP   1. {main}() /home/ubuntu/workspace/javal/labs/lab10/pets/api/getPetInfo.php:0
[30-Apr-2018 22:34:49 UTC] PHP Warning:  include(): Failed opening '../../../dbConnection.php' for inclusion (include_path='.:/usr/share/php:/usr/share/pear') in /home/ubuntu/workspace/javal/labs/lab10/pets/api/getPetInfo.php on line 3
[30-Apr-2018 22:34:49 UTC] PHP Stack trace:
[30-Apr-2018 22:34:49 UTC] PHP   1. {main}() /home/ubuntu/workspace/javal/labs/lab10/pets/api/getPetInfo.php:0
[30-Apr-2018 22:34:49 UTC] PHP Fatal error:  Call to undefined function getDatabaseConnection() in /home/ubuntu/workspace/javal/labs/lab10/pets/api/getPetInfo.php on line 5
[30-Apr-2018 22:34:49 UTC] PHP Stack trace:
[30-Apr-2018 22:34:49 UTC] PHP   1. {main}() /home/ubuntu/workspace/javal/labs/lab10/pets/api/getPetInfo.php:0
[30-Apr-2018 22:34:50 UTC] PHP Warning:  include(../../../dbConnection.php): failed to open stream: No such file or directory in /home/ubuntu/workspace/javal/labs/lab10/pets/api/getPetInfo.php on line 3
[30-Apr-2018 22:34:50 UTC] PHP Stack trace:
[30-Apr-2018 22:34:50 UTC] PHP   1. {main}() /home/ubuntu/workspace/javal/labs/lab10/pets/api/getPetInfo.php:0
[30-Apr-2018 22:34:50 UTC] PHP Warning:  include(): Failed opening '../../../dbConnection.php' for inclusion (include_path='.:/usr/share/php:/usr/share/pear') in /home/ubuntu/workspace/javal/labs/lab10/pets/api/getPetInfo.php on line 3
[30-Apr-2018 22:34:50 UTC] PHP Stack trace:
[30-Apr-2018 22:34:50 UTC] PHP   1. {main}() /home/ubuntu/workspace/javal/labs/lab10/pets/api/getPetInfo.php:0
[30-Apr-2018 22:34:50 UTC] PHP Fatal error:  Call to undefined function getDatabaseConnection() in /home/ubuntu/workspace/javal/labs/lab10/pets/api/getPetInfo.php on line 5
[30-Apr-2018 22:34:50 UTC] PHP Stack trace:
[30-Apr-2018 22:34:50 UTC] PHP   1. {main}() /home/ubuntu/workspace/javal/labs/lab10/pets/api/getPetInfo.php:0
[30-Apr-2018 22:34:51 UTC] PHP Warning:  include(../../../dbConnection.php): failed to open stream: No such file or directory in /home/ubuntu/workspace/javal/labs/lab10/pets/api/getPetInfo.php on line 3
[30-Apr-2018 22:34:51 UTC] PHP Stack trace:
[30-Apr-2018 22:34:51 UTC] PHP   1. {main}() /home/ubuntu/workspace/javal/labs/lab10/pets/api/getPetInfo.php:0
[30-Apr-2018 22:34:51 UTC] PHP Warning:  include(): Failed opening '../../../dbConnection.php' for inclusion (include_path='.:/usr/share/php:/usr/share/pear') in /home/ubuntu/workspace/javal/labs/lab10/pets/api/getPetInfo.php on line 3
[30-Apr-2018 22:34:51 UTC] PHP Stack trace:
[30-Apr-2018 22:34:51 UTC] PHP   1. {main}() /home/ubuntu/workspace/javal/labs/lab10/pets/api/getPetInfo.php:0
[30-Apr-2018 22:34:51 UTC] PHP Fatal error:  Call to undefined function getDatabaseConnection() in /home/ubuntu/workspace/javal/labs/lab10/pets/api/getPetInfo.php on line 5
[30-Apr-2018 22:34:51 UTC] PHP Stack trace:
[30-Apr-2018 22:34:51 UTC] PHP   1. {main}() /home/ubuntu/workspace/javal/labs/lab10/pets/api/getPetInfo.php:0
[30-Apr-2018 22:34:52 UTC] PHP Warning:  include(../../../dbConnection.php): failed to open stream: No such file or directory in /home/ubuntu/workspace/javal/labs/lab10/pets/api/getPetInfo.php on line 3
[30-Apr-2018 22:34:52 UTC] PHP Stack trace:
[30-Apr-2018 22:34:52 UTC] PHP   1. {main}() /home/ubuntu/workspace/javal/labs/lab10/pets/api/getPetInfo.php:0
[30-Apr-2018 22:34:52 UTC] PHP Warning:  include(): Failed opening '../../../dbConnection.php' for inclusion (include_path='.:/usr/share/php:/usr/share/pear') in /home/ubuntu/workspace/javal/labs/lab10/pets/api/getPetInfo.php on line 3
[30-Apr-2018 22:34:52 UTC] PHP Stack trace:
[30-Apr-2018 22:34:52 UTC] PHP   1. {main}() /home/ubuntu/workspace/javal/labs/lab10/pets/api/getPetInfo.php:0
[30-Apr-2018 22:34:52 UTC] PHP Fatal error:  Call to undefined function getDatabaseConnection() in /home/ubuntu/workspace/javal/labs/lab10/pets/api/getPetInfo.php on line 5
[30-Apr-2018 22:34:52 UTC] PHP Stack trace:
[30-Apr-2018 22:34:52 UTC] PHP   1. {main}() /home/ubuntu/workspace/javal/labs/lab10/pets/api/getPetInfo.php:0
[30-Apr-2018 22:38:29 UTC] PHP Warning:  include(../../../dbConnection.php): failed to open stream: No such file or directory in /home/ubuntu/workspace/javal/labs/lab10/pets/api/getPetInfo.php on line 3
[30-Apr-2018 22:38:29 UTC] PHP Stack trace:
[30-Apr-2018 22:38:29 UTC] PHP   1. {main}() /home/ubuntu/workspace/javal/labs/lab10/pets/api/getPetInfo.php:0
[30-Apr-2018 22:38:29 UTC] PHP Warning:  include(): Failed opening '../../../dbConnection.php' for inclusion (include_path='.:/usr/share/php:/usr/share/pear') in /home/ubuntu/workspace/javal/labs/lab10/pets/api/getPetInfo.php on line 3
[30-Apr-2018 22:38:29 UTC] PHP Stack trace:
[30-Apr-2018 22:38:29 UTC] PHP   1. {main}() /home/ubuntu/workspace/javal/labs/lab10/pets/api/getPetInfo.php:0
[30-Apr-2018 22:38:29 UTC] PHP Fatal error:  Call to undefined function getDatabaseConnection() in /home/ubuntu/workspace/javal/labs/lab10/pets/api/getPetInfo.php on line 5
[30-Apr-2018 22:38:29 UTC] PHP Stack trace:
[30-Apr-2018 22:38:29 UTC] PHP   1. {main}() /home/ubuntu/workspace/javal/labs/lab10/pets/api/getPetInfo.php:0
[30-Apr-2018 22:38:30 UTC] PHP Warning:  include(../../../dbConnection.php): failed to open stream: No such file or directory in /home/ubuntu/workspace/javal/labs/lab10/pets/api/getPetInfo.php on line 3
[30-Apr-2018 22:38:30 UTC] PHP Stack trace:
[30-Apr-2018 22:38:30 UTC] PHP   1. {main}() /home/ubuntu/workspace/javal/labs/lab10/pets/api/getPetInfo.php:0
[30-Apr-2018 22:38:30 UTC] PHP Warning:  include(): Failed opening '../../../dbConnection.php' for inclusion (include_path='.:/usr/share/php:/usr/share/pear') in /home/ubuntu/workspace/javal/labs/lab10/pets/api/getPetInfo.php on line 3
[30-Apr-2018 22:38:30 UTC] PHP Stack trace:
[30-Apr-2018 22:38:30 UTC] PHP   1. {main}() /home/ubuntu/workspace/javal/labs/lab10/pets/api/getPetInfo.php:0
[30-Apr-2018 22:38:30 UTC] PHP Fatal error:  Call to undefined function getDatabaseConnection() in /home/ubuntu/workspace/javal/labs/lab10/pets/api/getPetInfo.php on line 5
[30-Apr-2018 22:38:30 UTC] PHP Stack trace:
[30-Apr-2018 22:38:30 UTC] PHP   1. {main}() /home/ubuntu/workspace/javal/labs/lab10/pets/api/getPetInfo.php:0
[30-Apr-2018 22:38:31 UTC] PHP Warning:  include(../../../dbConnection.php): failed to open stream: No such file or directory in /home/ubuntu/workspace/javal/labs/lab10/pets/api/getPetInfo.php on line 3
[30-Apr-2018 22:38:31 UTC] PHP Stack trace:
[30-Apr-2018 22:38:31 UTC] PHP   1. {main}() /home/ubuntu/workspace/javal/labs/lab10/pets/api/getPetInfo.php:0
[30-Apr-2018 22:38:31 UTC] PHP Warning:  include(): Failed opening '../../../dbConnection.php' for inclusion (include_path='.:/usr/share/php:/usr/share/pear') in /home/ubuntu/workspace/javal/labs/lab10/pets/api/getPetInfo.php on line 3
[30-Apr-2018 22:38:31 UTC] PHP Stack trace:
[30-Apr-2018 22:38:31 UTC] PHP   1. {main}() /home/ubuntu/workspace/javal/labs/lab10/pets/api/getPetInfo.php:0
[30-Apr-2018 22:38:31 UTC] PHP Fatal error:  Call to undefined function getDatabaseConnection() in /home/ubuntu/workspace/javal/labs/lab10/pets/api/getPetInfo.php on line 5
[30-Apr-2018 22:38:31 UTC] PHP Stack trace:
[30-Apr-2018 22:38:31 UTC] PHP   1. {main}() /home/ubuntu/workspace/javal/labs/lab10/pets/api/getPetInfo.php:0
[30-Apr-2018 22:38:31 UTC] PHP Warning:  include(../../../dbConnection.php): failed to open stream: No such file or directory in /home/ubuntu/workspace/javal/labs/lab10/pets/api/getPetInfo.php on line 3
[30-Apr-2018 22:38:31 UTC] PHP Stack trace:
[30-Apr-2018 22:38:31 UTC] PHP   1. {main}() /home/ubuntu/workspace/javal/labs/lab10/pets/api/getPetInfo.php:0
[30-Apr-2018 22:38:31 UTC] PHP Warning:  include(): Failed opening '../../../dbConnection.php' for inclusion (include_path='.:/usr/share/php:/usr/share/pear') in /home/ubuntu/workspace/javal/labs/lab10/pets/api/getPetInfo.php on line 3
[30-Apr-2018 22:38:31 UTC] PHP Stack trace:
[30-Apr-2018 22:38:31 UTC] PHP   1. {main}() /home/ubuntu/workspace/javal/labs/lab10/pets/api/getPetInfo.php:0
[30-Apr-2018 22:38:31 UTC] PHP Fatal error:  Call to undefined function getDatabaseConnection() in /home/ubuntu/workspace/javal/labs/lab10/pets/api/getPetInfo.php on line 5
[30-Apr-2018 22:38:31 UTC] PHP Stack trace:
[30-Apr-2018 22:38:31 UTC] PHP   1. {main}() /home/ubuntu/workspace/javal/labs/lab10/pets/api/getPetInfo.php:0
[30-Apr-2018 22:38:31 UTC] PHP Warning:  include(../../../dbConnection.php): failed to open stream: No such file or directory in /home/ubuntu/workspace/javal/labs/lab10/pets/api/getPetInfo.php on line 3
[30-Apr-2018 22:38:31 UTC] PHP Stack trace:
[30-Apr-2018 22:38:31 UTC] PHP   1. {main}() /home/ubuntu/workspace/javal/labs/lab10/pets/api/getPetInfo.php:0
[30-Apr-2018 22:38:31 UTC] PHP Warning:  include(): Failed opening '../../../dbConnection.php' for inclusion (include_path='.:/usr/share/php:/usr/share/pear') in /home/ubuntu/workspace/javal/labs/lab10/pets/api/getPetInfo.php on line 3
[30-Apr-2018 22:38:31 UTC] PHP Stack trace:
[30-Apr-2018 22:38:31 UTC] PHP   1. {main}() /home/ubuntu/workspace/javal/labs/lab10/pets/api/getPetInfo.php:0
[30-Apr-2018 22:38:31 UTC] PHP Fatal error:  Call to undefined function getDatabaseConnection() in /home/ubuntu/workspace/javal/labs/lab10/pets/api/getPetInfo.php on line 5
[30-Apr-2018 22:38:31 UTC] PHP Stack trace:
[30-Apr-2018 22:38:31 UTC] PHP   1. {main}() /home/ubuntu/workspace/javal/labs/lab10/pets/api/getPetInfo.php:0
[30-Apr-2018 22:38:31 UTC] PHP Warning:  include(../../../dbConnection.php): failed to open stream: No such file or directory in /home/ubuntu/workspace/javal/labs/lab10/pets/api/getPetInfo.php on line 3
[30-Apr-2018 22:38:31 UTC] PHP Stack trace:
[30-Apr-2018 22:38:31 UTC] PHP   1. {main}() /home/ubuntu/workspace/javal/labs/lab10/pets/api/getPetInfo.php:0
[30-Apr-2018 22:38:31 UTC] PHP Warning:  include(): Failed opening '../../../dbConnection.php' for inclusion (include_path='.:/usr/share/php:/usr/share/pear') in /home/ubuntu/workspace/javal/labs/lab10/pets/api/getPetInfo.php on line 3
[30-Apr-2018 22:38:31 UTC] PHP Stack trace:
[30-Apr-2018 22:38:31 UTC] PHP   1. {main}() /home/ubuntu/workspace/javal/labs/lab10/pets/api/getPetInfo.php:0
[30-Apr-2018 22:38:31 UTC] PHP Fatal error:  Call to undefined function getDatabaseConnection() in /home/ubuntu/workspace/javal/labs/lab10/pets/api/getPetInfo.php on line 5
[30-Apr-2018 22:38:31 UTC] PHP Stack trace:
[30-Apr-2018 22:38:31 UTC] PHP   1. {main}() /home/ubuntu/workspace/javal/labs/lab10/pets/api/getPetInfo.php:0
[30-Apr-2018 22:38:32 UTC] PHP Warning:  include(../../../dbConnection.php): failed to open stream: No such file or directory in /home/ubuntu/workspace/javal/labs/lab10/pets/api/getPetInfo.php on line 3
[30-Apr-2018 22:38:32 UTC] PHP Stack trace:
[30-Apr-2018 22:38:32 UTC] PHP   1. {main}() /home/ubuntu/workspace/javal/labs/lab10/pets/api/getPetInfo.php:0
[30-Apr-2018 22:38:32 UTC] PHP Warning:  include(): Failed opening '../../../dbConnection.php' for inclusion (include_path='.:/usr/share/php:/usr/share/pear') in /home/ubuntu/workspace/javal/labs/lab10/pets/api/getPetInfo.php on line 3
[30-Apr-2018 22:38:32 UTC] PHP Stack trace:
[30-Apr-2018 22:38:32 UTC] PHP   1. {main}() /home/ubuntu/workspace/javal/labs/lab10/pets/api/getPetInfo.php:0
[30-Apr-2018 22:38:32 UTC] PHP Fatal error:  Call to undefined function getDatabaseConnection() in /home/ubuntu/workspace/javal/labs/lab10/pets/api/getPetInfo.php on line 5
[30-Apr-2018 22:38:32 UTC] PHP Stack trace:
[30-Apr-2018 22:38:32 UTC] PHP   1. {main}() /home/ubuntu/workspace/javal/labs/lab10/pets/api/getPetInfo.php:0
[30-Apr-2018 22:38:32 UTC] PHP Warning:  include(../../../dbConnection.php): failed to open stream: No such file or directory in /home/ubuntu/workspace/javal/labs/lab10/pets/api/getPetInfo.php on line 3
[30-Apr-2018 22:38:32 UTC] PHP Stack trace:
[30-Apr-2018 22:38:32 UTC] PHP   1. {main}() /home/ubuntu/workspace/javal/labs/lab10/pets/api/getPetInfo.php:0
[30-Apr-2018 22:38:32 UTC] PHP Warning:  include(): Failed opening '../../../dbConnection.php' for inclusion (include_path='.:/usr/share/php:/usr/share/pear') in /home/ubuntu/workspace/javal/labs/lab10/pets/api/getPetInfo.php on line 3
[30-Apr-2018 22:38:32 UTC] PHP Stack trace:
[30-Apr-2018 22:38:32 UTC] PHP   1. {main}() /home/ubuntu/workspace/javal/labs/lab10/pets/api/getPetInfo.php:0
[30-Apr-2018 22:38:32 UTC] PHP Fatal error:  Call to undefined function getDatabaseConnection() in /home/ubuntu/workspace/javal/labs/lab10/pets/api/getPetInfo.php on line 5
[30-Apr-2018 22:38:32 UTC] PHP Stack trace:
[30-Apr-2018 22:38:32 UTC] PHP   1. {main}() /home/ubuntu/workspace/javal/labs/lab10/pets/api/getPetInfo.php:0
[30-Apr-2018 22:39:11 UTC] PHP Warning:  include(../../../dbConnection.php): failed to open stream: No such file or directory in /home/ubuntu/workspace/javal/labs/lab10/pets/api/getPetInfo.php on line 3
[30-Apr-2018 22:39:11 UTC] PHP Stack trace:
[30-Apr-2018 22:39:11 UTC] PHP   1. {main}() /home/ubuntu/workspace/javal/labs/lab10/pets/api/getPetInfo.php:0
[30-Apr-2018 22:39:11 UTC] PHP Warning:  include(): Failed opening '../../../dbConnection.php' for inclusion (include_path='.:/usr/share/php:/usr/share/pear') in /home/ubuntu/workspace/javal/labs/lab10/pets/api/getPetInfo.php on line 3
[30-Apr-2018 22:39:11 UTC] PHP Stack trace:
[30-Apr-2018 22:39:11 UTC] PHP   1. {main}() /home/ubuntu/workspace/javal/labs/lab10/pets/api/getPetInfo.php:0
[30-Apr-2018 22:39:11 UTC] PHP Fatal error:  Call to undefined function getDatabaseConnection() in /home/ubuntu/workspace/javal/labs/lab10/pets/api/getPetInfo.php on line 5
[30-Apr-2018 22:39:11 UTC] PHP Stack trace:
[30-Apr-2018 22:39:11 UTC] PHP   1. {main}() /home/ubuntu/workspace/javal/labs/lab10/pets/api/getPetInfo.php:0
[30-Apr-2018 22:39:42 UTC] PHP Warning:  include(../../../dbConnection.php): failed to open stream: No such file or directory in /home/ubuntu/workspace/javal/labs/lab10/pets/api/getPetInfo.php on line 3
[30-Apr-2018 22:39:42 UTC] PHP Stack trace:
[30-Apr-2018 22:39:42 UTC] PHP   1. {main}() /home/ubuntu/workspace/javal/labs/lab10/pets/api/getPetInfo.php:0
[30-Apr-2018 22:39:42 UTC] PHP Warning:  include(): Failed opening '../../../dbConnection.php' for inclusion (include_path='.:/usr/share/php:/usr/share/pear') in /home/ubuntu/workspace/javal/labs/lab10/pets/api/getPetInfo.php on line 3
[30-Apr-2018 22:39:42 UTC] PHP Stack trace:
[30-Apr-2018 22:39:42 UTC] PHP   1. {main}() /home/ubuntu/workspace/javal/labs/lab10/pets/api/getPetInfo.php:0
[30-Apr-2018 22:39:42 UTC] PHP Fatal error:  Call to undefined function getDatabaseConnection() in /home/ubuntu/workspace/javal/labs/lab10/pets/api/getPetInfo.php on line 5
[30-Apr-2018 22:39:42 UTC] PHP Stack trace:
[30-Apr-2018 22:39:42 UTC] PHP   1. {main}() /home/ubuntu/workspace/javal/labs/lab10/pets/api/getPetInfo.php:0
[30-Apr-2018 22:39:42 UTC] PHP Warning:  include(../../../dbConnection.php): failed to open stream: No such file or directory in /home/ubuntu/workspace/javal/labs/lab10/pets/api/getPetInfo.php on line 3
[30-Apr-2018 22:39:42 UTC] PHP Stack trace:
[30-Apr-2018 22:39:42 UTC] PHP   1. {main}() /home/ubuntu/workspace/javal/labs/lab10/pets/api/getPetInfo.php:0
[30-Apr-2018 22:39:42 UTC] PHP Warning:  include(): Failed opening '../../../dbConnection.php' for inclusion (include_path='.:/usr/share/php:/usr/share/pear') in /home/ubuntu/workspace/javal/labs/lab10/pets/api/getPetInfo.php on line 3
[30-Apr-2018 22:39:42 UTC] PHP Stack trace:
[30-Apr-2018 22:39:42 UTC] PHP   1. {main}() /home/ubuntu/workspace/javal/labs/lab10/pets/api/getPetInfo.php:0
[30-Apr-2018 22:39:42 UTC] PHP Fatal error:  Call to undefined function getDatabaseConnection() in /home/ubuntu/workspace/javal/labs/lab10/pets/api/getPetInfo.php on line 5
[30-Apr-2018 22:39:42 UTC] PHP Stack trace:
[30-Apr-2018 22:39:42 UTC] PHP   1. {main}() /home/ubuntu/workspace/javal/labs/lab10/pets/api/getPetInfo.php:0
[30-Apr-2018 22:39:44 UTC] PHP Warning:  include(../../../dbConnection.php): failed to open stream: No such file or directory in /home/ubuntu/workspace/javal/labs/lab10/pets/api/getPetInfo.php on line 3
[30-Apr-2018 22:39:44 UTC] PHP Stack trace:
[30-Apr-2018 22:39:44 UTC] PHP   1. {main}() /home/ubuntu/workspace/javal/labs/lab10/pets/api/getPetInfo.php:0
[30-Apr-2018 22:39:44 UTC] PHP Warning:  include(): Failed opening '../../../dbConnection.php' for inclusion (include_path='.:/usr/share/php:/usr/share/pear') in /home/ubuntu/workspace/javal/labs/lab10/pets/api/getPetInfo.php on line 3
[30-Apr-2018 22:39:44 UTC] PHP Stack trace:
[30-Apr-2018 22:39:44 UTC] PHP   1. {main}() /home/ubuntu/workspace/javal/labs/lab10/pets/api/getPetInfo.php:0
[30-Apr-2018 22:39:44 UTC] PHP Fatal error:  Call to undefined function getDatabaseConnection() in /home/ubuntu/workspace/javal/labs/lab10/pets/api/getPetInfo.php on line 5
[30-Apr-2018 22:39:44 UTC] PHP Stack trace:
[30-Apr-2018 22:39:44 UTC] PHP   1. {main}() /home/ubuntu/workspace/javal/labs/lab10/pets/api/getPetInfo.php:0
